<?xml version="1.0" encoding="UTF-8"?>
<testsuites name="20230705_113431" timestamp="2023-07-05T11:34:32" time="159.203" tests="11" errors="0">
  <testsuite id="1" name="I18N" package="I18N" hostname="ALIPL3205" timestamp="2023-07-05T11:34:34" time="155.575" tests="11" errors="0">
    <properties>
      <property name="Run From" value="ALIPL3205" />
      <property name="Run OS" value="amd64 Windows 11 10.0" />
      <property name="Run User" value="al5170" />
      <property name="Iteration" value="1 of 1" />
      <property name="Script" value="I18N.xlsx" />
      <property name="Logs" value="C:\projects\Humanetics\output\20230705_113431\logs\nexial-20230705_113431.log" />
      <property name="Data File" value="I18N.data.xlsx" />
      <property name="DataSheet(s)" value="#default" />
      <property name="runtime args" value="-script C:\projects\Humanetics\artifact\script\I18N.xlsx" />
    </properties>
    <testcase id="Start Recording" name="Start Recording" classname="customWebpage" timestamp="2023-07-05T11:34:36" time="153.213">
      <system-out>Total : 1
Passed: 1
Failed: 0
Output: C:\projects\Humanetics\output\20230705_113431\I18N.20230705_113434.001.xlsx
Logs  : C:\projects\Humanetics\output\20230705_113431\logs\nexial-20230705_113431.log</system-out>
    </testcase>
    <testcase id="I18N Testing" name="I18N Testing" classname="customWebpage" timestamp="2023-07-05T11:34:39" time="150.288">
      <system-out>Total : 9
Passed: 9
Failed: 0
Output: C:\projects\Humanetics\output\20230705_113431\I18N.20230705_113434.001.xlsx
Logs  : C:\projects\Humanetics\output\20230705_113431\logs\nexial-20230705_113431.log</system-out>
    </testcase>
    <testcase id="Stop Recording" name="Stop Recording" classname="customWebpage" timestamp="2023-07-05T11:37:07" time="2.815">
      <system-out>Total : 1
Passed: 1
Failed: 0
Output: C:\projects\Humanetics\output\20230705_113431\I18N.20230705_113434.001.xlsx
Logs  : C:\projects\Humanetics\output\20230705_113431\logs\nexial-20230705_113431.log</system-out>
    </testcase>
  </testsuite>
</testsuites>
